<?xml version="1.0" encoding="UTF-8"?>
<!-- Generated by org.testng.reporters.JUnitXMLReporter -->
<testsuite ignored="0" hostname="lenovo" failures="0" tests="5" name="Default test" time="21.879" errors="0" timestamp="2024-11-14T15:39:21 GST">
  <testcase classname="pageobjectmodel.Login" name="loginWithValidCredentials" time="1.519"/>
  <testcase classname="pageobjectmodel.Login" name="loginWithInValidCredentials" time="0.787"/>
  <testcase classname="pageobjectmodel.Login" name="loginWithInValidEmailValidPassword" time="0.717"/>
  <testcase classname="pageobjectmodel.Login" name="loginWithValidEmailInValidPassword" time="0.624"/>
  <testcase classname="pageobjectmodel.Login" name="loginWithOutAnyCredentials" time="0.477"/>
</testsuite> <!-- Default test -->
