<?xml version="1.0" encoding="UTF-8"?>
<!-- Generated by org.testng.reporters.JUnitXMLReporter -->
<testsuite ignored="2" hostname="lenovo" failures="0" tests="1" name="Default test" time="3.692" errors="0" timestamp="2024-11-13T21:32:46 GST">
  <testcase classname="pageobjectmodel.Search" name="verifySearchWithOutProduct" time="0.291"/>
  <testcase classname="pageobjectmodel.Search" name="verifySearchForExistingProduct" time="0.0">
    <ignored/>
  </testcase> <!-- verifySearchForExistingProduct -->
  <testcase classname="pageobjectmodel.Search" name="verifySearchForNonExistingProduct" time="0.0">
    <ignored/>
  </testcase> <!-- verifySearchForNonExistingProduct -->
</testsuite> <!-- Default test -->
