<?xml version="1.0" encoding="UTF-8"?>
<!-- Generated by org.testng.reporters.JUnitXMLReporter -->
<testsuite ignored="0" hostname="lenovo" failures="0" tests="11" name="Test" time="53.515" errors="0" timestamp="2024-11-13T21:37:24 GST">
  <testcase classname="pageobjectmodel.Register" name="registerWithMandatoryyField" time="6.289"/>
  <testcase classname="pageobjectmodel.Register" name="registerWithAllFields" time="1.159"/>
  <testcase classname="pageobjectmodel.Register" name="registerWithoutFieldsDisplayMessages" time="0.423"/>
  <testcase classname="pageobjectmodel.Login" name="loginWithValidCredentials" time="0.702"/>
  <testcase classname="pageobjectmodel.Login" name="loginWithInValidCredentials" time="0.636"/>
  <testcase classname="pageobjectmodel.Login" name="loginWithInValidEmailValidPassword" time="0.632"/>
  <testcase classname="pageobjectmodel.Login" name="loginWithValidEmailInValidPassword" time="0.571"/>
  <testcase classname="pageobjectmodel.Login" name="loginWithOutAnyCredentials" time="0.488"/>
  <testcase classname="pageobjectmodel.Search" name="verifySearchForExistingProduct" time="0.359"/>
  <testcase classname="pageobjectmodel.Search" name="verifySearchForNonExistingProduct" time="0.314"/>
  <testcase classname="pageobjectmodel.Search" name="verifySearchWithOutProduct" time="0.246"/>
</testsuite> <!-- Test -->
