<?xml version="1.0" encoding="UTF-8"?>
<testng-results ignored="0" total="11" passed="11" failed="0" skipped="0">
  <reporter-output>
  </reporter-output>
  <suite started-at="2024-11-13T21:36:31 GST" name="Suite" finished-at="2024-11-13T21:37:24 GST" duration-ms="53515">
    <groups>
    </groups>
    <test started-at="2024-11-13T21:36:31 GST" name="Test" finished-at="2024-11-13T21:37:24 GST" duration-ms="53515">
      <class name="pageobjectmodel.Search">
        <test-method is-config="true" signature="setup()[pri:0, instance:pageobjectmodel.Search@183ec003]" started-at="2024-11-13T21:37:14 GST" name="setup" finished-at="2024-11-13T21:37:17 GST" duration-ms="2906" status="PASS">
          <reporter-output>
          </reporter-output>
        </test-method> <!-- setup -->
        <test-method signature="verifySearchForExistingProduct()[pri:1, instance:pageobjectmodel.Search@183ec003]" started-at="2024-11-13T21:37:17 GST" name="verifySearchForExistingProduct" finished-at="2024-11-13T21:37:17 GST" duration-ms="359" status="PASS">
          <reporter-output>
          </reporter-output>
        </test-method> <!-- verifySearchForExistingProduct -->
        <test-method is-config="true" signature="teardown()[pri:0, instance:pageobjectmodel.Search@183ec003]" started-at="2024-11-13T21:37:17 GST" name="teardown" finished-at="2024-11-13T21:37:17 GST" duration-ms="181" status="PASS">
          <reporter-output>
          </reporter-output>
        </test-method> <!-- teardown -->
        <test-method is-config="true" signature="setup()[pri:0, instance:pageobjectmodel.Search@183ec003]" started-at="2024-11-13T21:37:17 GST" name="setup" finished-at="2024-11-13T21:37:20 GST" duration-ms="2988" status="PASS">
          <reporter-output>
          </reporter-output>
        </test-method> <!-- setup -->
        <test-method signature="verifySearchForNonExistingProduct()[pri:2, instance:pageobjectmodel.Search@183ec003]" started-at="2024-11-13T21:37:20 GST" name="verifySearchForNonExistingProduct" finished-at="2024-11-13T21:37:21 GST" duration-ms="314" status="PASS">
          <reporter-output>
          </reporter-output>
        </test-method> <!-- verifySearchForNonExistingProduct -->
        <test-method is-config="true" signature="teardown()[pri:0, instance:pageobjectmodel.Search@183ec003]" started-at="2024-11-13T21:37:21 GST" name="teardown" finished-at="2024-11-13T21:37:21 GST" duration-ms="142" status="PASS">
          <reporter-output>
          </reporter-output>
        </test-method> <!-- teardown -->
        <test-method is-config="true" signature="setup()[pri:0, instance:pageobjectmodel.Search@183ec003]" started-at="2024-11-13T21:37:21 GST" name="setup" finished-at="2024-11-13T21:37:24 GST" duration-ms="2992" status="PASS">
          <reporter-output>
          </reporter-output>
        </test-method> <!-- setup -->
        <test-method signature="verifySearchWithOutProduct()[pri:3, instance:pageobjectmodel.Search@183ec003]" started-at="2024-11-13T21:37:24 GST" name="verifySearchWithOutProduct" finished-at="2024-11-13T21:37:24 GST" duration-ms="246" status="PASS">
          <reporter-output>
          </reporter-output>
        </test-method> <!-- verifySearchWithOutProduct -->
        <test-method is-config="true" signature="teardown()[pri:0, instance:pageobjectmodel.Search@183ec003]" started-at="2024-11-13T21:37:24 GST" name="teardown" finished-at="2024-11-13T21:37:24 GST" duration-ms="135" status="PASS">
          <reporter-output>
          </reporter-output>
        </test-method> <!-- teardown -->
      </class> <!-- pageobjectmodel.Search -->
      <class name="pageobjectmodel.Register">
        <test-method is-config="true" signature="setup()[pri:0, instance:pageobjectmodel.Register@74d1dc36]" started-at="2024-11-13T21:36:31 GST" name="setup" finished-at="2024-11-13T21:36:35 GST" duration-ms="4115" status="PASS">
          <reporter-output>
          </reporter-output>
        </test-method> <!-- setup -->
        <test-method signature="registerWithMandatoryyField()[pri:1, instance:pageobjectmodel.Register@74d1dc36]" started-at="2024-11-13T21:36:35 GST" name="registerWithMandatoryyField" finished-at="2024-11-13T21:36:41 GST" duration-ms="6289" status="PASS">
          <reporter-output>
          </reporter-output>
        </test-method> <!-- registerWithMandatoryyField -->
        <test-method is-config="true" signature="teardown()[pri:0, instance:pageobjectmodel.Register@74d1dc36]" started-at="2024-11-13T21:36:41 GST" name="teardown" finished-at="2024-11-13T21:36:41 GST" duration-ms="165" status="PASS">
          <reporter-output>
          </reporter-output>
        </test-method> <!-- teardown -->
        <test-method is-config="true" signature="setup()[pri:0, instance:pageobjectmodel.Register@74d1dc36]" started-at="2024-11-13T21:36:41 GST" name="setup" finished-at="2024-11-13T21:36:45 GST" duration-ms="3377" status="PASS">
          <reporter-output>
          </reporter-output>
        </test-method> <!-- setup -->
        <test-method signature="registerWithAllFields()[pri:2, instance:pageobjectmodel.Register@74d1dc36]" started-at="2024-11-13T21:36:45 GST" name="registerWithAllFields" finished-at="2024-11-13T21:36:46 GST" duration-ms="1159" status="PASS">
          <reporter-output>
          </reporter-output>
        </test-method> <!-- registerWithAllFields -->
        <test-method is-config="true" signature="teardown()[pri:0, instance:pageobjectmodel.Register@74d1dc36]" started-at="2024-11-13T21:36:46 GST" name="teardown" finished-at="2024-11-13T21:36:46 GST" duration-ms="129" status="PASS">
          <reporter-output>
          </reporter-output>
        </test-method> <!-- teardown -->
        <test-method is-config="true" signature="setup()[pri:0, instance:pageobjectmodel.Register@74d1dc36]" started-at="2024-11-13T21:36:46 GST" name="setup" finished-at="2024-11-13T21:36:51 GST" duration-ms="4913" status="PASS">
          <reporter-output>
          </reporter-output>
        </test-method> <!-- setup -->
        <test-method signature="registerWithoutFieldsDisplayMessages()[pri:3, instance:pageobjectmodel.Register@74d1dc36]" started-at="2024-11-13T21:36:51 GST" name="registerWithoutFieldsDisplayMessages" finished-at="2024-11-13T21:36:51 GST" duration-ms="423" status="PASS">
          <reporter-output>
          </reporter-output>
        </test-method> <!-- registerWithoutFieldsDisplayMessages -->
        <test-method is-config="true" signature="teardown()[pri:0, instance:pageobjectmodel.Register@74d1dc36]" started-at="2024-11-13T21:36:51 GST" name="teardown" finished-at="2024-11-13T21:36:51 GST" duration-ms="156" status="PASS">
          <reporter-output>
          </reporter-output>
        </test-method> <!-- teardown -->
      </class> <!-- pageobjectmodel.Register -->
      <class name="pageobjectmodel.Login">
        <test-method is-config="true" signature="setup()[pri:0, instance:pageobjectmodel.Login@7c137fd5]" started-at="2024-11-13T21:36:51 GST" name="setup" finished-at="2024-11-13T21:36:55 GST" duration-ms="3723" status="PASS">
          <reporter-output>
          </reporter-output>
        </test-method> <!-- setup -->
        <test-method signature="loginWithValidCredentials()[pri:1, instance:pageobjectmodel.Login@7c137fd5]" started-at="2024-11-13T21:36:55 GST" name="loginWithValidCredentials" finished-at="2024-11-13T21:36:56 GST" duration-ms="702" status="PASS">
          <reporter-output>
          </reporter-output>
        </test-method> <!-- loginWithValidCredentials -->
        <test-method is-config="true" signature="teardown()[pri:0, instance:pageobjectmodel.Login@7c137fd5]" started-at="2024-11-13T21:36:56 GST" name="teardown" finished-at="2024-11-13T21:36:56 GST" duration-ms="133" status="PASS">
          <reporter-output>
          </reporter-output>
        </test-method> <!-- teardown -->
        <test-method is-config="true" signature="setup()[pri:0, instance:pageobjectmodel.Login@7c137fd5]" started-at="2024-11-13T21:36:56 GST" name="setup" finished-at="2024-11-13T21:36:59 GST" duration-ms="3256" status="PASS">
          <reporter-output>
          </reporter-output>
        </test-method> <!-- setup -->
        <test-method signature="loginWithInValidCredentials()[pri:2, instance:pageobjectmodel.Login@7c137fd5]" started-at="2024-11-13T21:36:59 GST" name="loginWithInValidCredentials" finished-at="2024-11-13T21:37:00 GST" duration-ms="636" status="PASS">
          <reporter-output>
          </reporter-output>
        </test-method> <!-- loginWithInValidCredentials -->
        <test-method is-config="true" signature="teardown()[pri:0, instance:pageobjectmodel.Login@7c137fd5]" started-at="2024-11-13T21:37:00 GST" name="teardown" finished-at="2024-11-13T21:37:00 GST" duration-ms="128" status="PASS">
          <reporter-output>
          </reporter-output>
        </test-method> <!-- teardown -->
        <test-method is-config="true" signature="setup()[pri:0, instance:pageobjectmodel.Login@7c137fd5]" started-at="2024-11-13T21:37:00 GST" name="setup" finished-at="2024-11-13T21:37:05 GST" duration-ms="5151" status="PASS">
          <reporter-output>
          </reporter-output>
        </test-method> <!-- setup -->
        <test-method signature="loginWithInValidEmailValidPassword()[pri:3, instance:pageobjectmodel.Login@7c137fd5]" started-at="2024-11-13T21:37:05 GST" name="loginWithInValidEmailValidPassword" finished-at="2024-11-13T21:37:06 GST" duration-ms="632" status="PASS">
          <reporter-output>
          </reporter-output>
        </test-method> <!-- loginWithInValidEmailValidPassword -->
        <test-method is-config="true" signature="teardown()[pri:0, instance:pageobjectmodel.Login@7c137fd5]" started-at="2024-11-13T21:37:06 GST" name="teardown" finished-at="2024-11-13T21:37:06 GST" duration-ms="156" status="PASS">
          <reporter-output>
          </reporter-output>
        </test-method> <!-- teardown -->
        <test-method is-config="true" signature="setup()[pri:0, instance:pageobjectmodel.Login@7c137fd5]" started-at="2024-11-13T21:37:06 GST" name="setup" finished-at="2024-11-13T21:37:09 GST" duration-ms="3315" status="PASS">
          <reporter-output>
          </reporter-output>
        </test-method> <!-- setup -->
        <test-method signature="loginWithValidEmailInValidPassword()[pri:4, instance:pageobjectmodel.Login@7c137fd5]" started-at="2024-11-13T21:37:09 GST" name="loginWithValidEmailInValidPassword" finished-at="2024-11-13T21:37:10 GST" duration-ms="571" status="PASS">
          <reporter-output>
          </reporter-output>
        </test-method> <!-- loginWithValidEmailInValidPassword -->
        <test-method is-config="true" signature="teardown()[pri:0, instance:pageobjectmodel.Login@7c137fd5]" started-at="2024-11-13T21:37:10 GST" name="teardown" finished-at="2024-11-13T21:37:10 GST" duration-ms="150" status="PASS">
          <reporter-output>
          </reporter-output>
        </test-method> <!-- teardown -->
        <test-method is-config="true" signature="setup()[pri:0, instance:pageobjectmodel.Login@7c137fd5]" started-at="2024-11-13T21:37:10 GST" name="setup" finished-at="2024-11-13T21:37:13 GST" duration-ms="3234" status="PASS">
          <reporter-output>
          </reporter-output>
        </test-method> <!-- setup -->
        <test-method signature="loginWithOutAnyCredentials()[pri:5, instance:pageobjectmodel.Login@7c137fd5]" started-at="2024-11-13T21:37:13 GST" name="loginWithOutAnyCredentials" finished-at="2024-11-13T21:37:14 GST" duration-ms="488" status="PASS">
          <reporter-output>
          </reporter-output>
        </test-method> <!-- loginWithOutAnyCredentials -->
        <test-method is-config="true" signature="teardown()[pri:0, instance:pageobjectmodel.Login@7c137fd5]" started-at="2024-11-13T21:37:14 GST" name="teardown" finished-at="2024-11-13T21:37:14 GST" duration-ms="169" status="PASS">
          <reporter-output>
          </reporter-output>
        </test-method> <!-- teardown -->
      </class> <!-- pageobjectmodel.Login -->
    </test> <!-- Test -->
  </suite> <!-- Suite -->
</testng-results>
