<?xml version="1.0" encoding="UTF-8"?>
<testng-results ignored="0" total="5" passed="5" failed="0" skipped="0">
  <reporter-output>
  </reporter-output>
  <suite started-at="2024-11-14T15:38:59 GST" name="Default suite" finished-at="2024-11-14T15:39:21 GST" duration-ms="21879">
    <groups>
    </groups>
    <test started-at="2024-11-14T15:38:59 GST" name="Default test" finished-at="2024-11-14T15:39:21 GST" duration-ms="21879">
      <class name="pageobjectmodel.Login">
        <test-method is-config="true" signature="setup()[pri:0, instance:pageobjectmodel.Login@3e27ba32]" started-at="2024-11-14T15:38:59 GST" name="setup" finished-at="2024-11-14T15:39:03 GST" duration-ms="3770" status="PASS">
          <reporter-output>
          </reporter-output>
        </test-method> <!-- setup -->
        <test-method signature="loginWithValidCredentials()[pri:1, instance:pageobjectmodel.Login@3e27ba32]" started-at="2024-11-14T15:39:03 GST" name="loginWithValidCredentials" finished-at="2024-11-14T15:39:04 GST" duration-ms="1519" status="PASS">
          <reporter-output>
          </reporter-output>
        </test-method> <!-- loginWithValidCredentials -->
        <test-method is-config="true" signature="teardown()[pri:0, instance:pageobjectmodel.Login@3e27ba32]" started-at="2024-11-14T15:39:04 GST" name="teardown" finished-at="2024-11-14T15:39:04 GST" duration-ms="164" status="PASS">
          <reporter-output>
          </reporter-output>
        </test-method> <!-- teardown -->
        <test-method is-config="true" signature="setup()[pri:0, instance:pageobjectmodel.Login@3e27ba32]" started-at="2024-11-14T15:39:04 GST" name="setup" finished-at="2024-11-14T15:39:07 GST" duration-ms="3279" status="PASS">
          <reporter-output>
          </reporter-output>
        </test-method> <!-- setup -->
        <test-method signature="loginWithInValidCredentials()[pri:2, instance:pageobjectmodel.Login@3e27ba32]" started-at="2024-11-14T15:39:07 GST" name="loginWithInValidCredentials" finished-at="2024-11-14T15:39:08 GST" duration-ms="787" status="PASS">
          <reporter-output>
          </reporter-output>
        </test-method> <!-- loginWithInValidCredentials -->
        <test-method is-config="true" signature="teardown()[pri:0, instance:pageobjectmodel.Login@3e27ba32]" started-at="2024-11-14T15:39:08 GST" name="teardown" finished-at="2024-11-14T15:39:08 GST" duration-ms="165" status="PASS">
          <reporter-output>
          </reporter-output>
        </test-method> <!-- teardown -->
        <test-method is-config="true" signature="setup()[pri:0, instance:pageobjectmodel.Login@3e27ba32]" started-at="2024-11-14T15:39:08 GST" name="setup" finished-at="2024-11-14T15:39:12 GST" duration-ms="3298" status="PASS">
          <reporter-output>
          </reporter-output>
        </test-method> <!-- setup -->
        <test-method signature="loginWithInValidEmailValidPassword()[pri:3, instance:pageobjectmodel.Login@3e27ba32]" started-at="2024-11-14T15:39:12 GST" name="loginWithInValidEmailValidPassword" finished-at="2024-11-14T15:39:12 GST" duration-ms="717" status="PASS">
          <reporter-output>
          </reporter-output>
        </test-method> <!-- loginWithInValidEmailValidPassword -->
        <test-method is-config="true" signature="teardown()[pri:0, instance:pageobjectmodel.Login@3e27ba32]" started-at="2024-11-14T15:39:12 GST" name="teardown" finished-at="2024-11-14T15:39:13 GST" duration-ms="178" status="PASS">
          <reporter-output>
          </reporter-output>
        </test-method> <!-- teardown -->
        <test-method is-config="true" signature="setup()[pri:0, instance:pageobjectmodel.Login@3e27ba32]" started-at="2024-11-14T15:39:13 GST" name="setup" finished-at="2024-11-14T15:39:16 GST" duration-ms="3344" status="PASS">
          <reporter-output>
          </reporter-output>
        </test-method> <!-- setup -->
        <test-method signature="loginWithValidEmailInValidPassword()[pri:4, instance:pageobjectmodel.Login@3e27ba32]" started-at="2024-11-14T15:39:16 GST" name="loginWithValidEmailInValidPassword" finished-at="2024-11-14T15:39:17 GST" duration-ms="624" status="PASS">
          <reporter-output>
          </reporter-output>
        </test-method> <!-- loginWithValidEmailInValidPassword -->
        <test-method is-config="true" signature="teardown()[pri:0, instance:pageobjectmodel.Login@3e27ba32]" started-at="2024-11-14T15:39:17 GST" name="teardown" finished-at="2024-11-14T15:39:17 GST" duration-ms="148" status="PASS">
          <reporter-output>
          </reporter-output>
        </test-method> <!-- teardown -->
        <test-method is-config="true" signature="setup()[pri:0, instance:pageobjectmodel.Login@3e27ba32]" started-at="2024-11-14T15:39:17 GST" name="setup" finished-at="2024-11-14T15:39:20 GST" duration-ms="3196" status="PASS">
          <reporter-output>
          </reporter-output>
        </test-method> <!-- setup -->
        <test-method signature="loginWithOutAnyCredentials()[pri:5, instance:pageobjectmodel.Login@3e27ba32]" started-at="2024-11-14T15:39:20 GST" name="loginWithOutAnyCredentials" finished-at="2024-11-14T15:39:20 GST" duration-ms="477" status="PASS">
          <reporter-output>
          </reporter-output>
        </test-method> <!-- loginWithOutAnyCredentials -->
        <test-method is-config="true" signature="teardown()[pri:0, instance:pageobjectmodel.Login@3e27ba32]" started-at="2024-11-14T15:39:20 GST" name="teardown" finished-at="2024-11-14T15:39:21 GST" duration-ms="136" status="PASS">
          <reporter-output>
          </reporter-output>
        </test-method> <!-- teardown -->
      </class> <!-- pageobjectmodel.Login -->
    </test> <!-- Default test -->
  </suite> <!-- Default suite -->
</testng-results>
